Change Component Designator: Old Designator=AR? New Designator=AR3
Change Component Designator: Old Designator=AR? New Designator=AR4
Change Component Designator: Old Designator=C? New Designator=C10
Change Component Designator: Old Designator=C? New Designator=C11
Change Component Designator: Old Designator=C? New Designator=C12
Change Component Designator: Old Designator=C? New Designator=C13
Change Component Designator: Old Designator=C? New Designator=C14
Change Component Designator: Old Designator=C? New Designator=C15
Change Component Designator: Old Designator=P? New Designator=P1
Change Component Designator: Old Designator=Q? New Designator=Q1
Change Component Designator: Old Designator=R? New Designator=R3
Change Component Designator: Old Designator=R? New Designator=R4
Change Component Designator: Old Designator=Rx? New Designator=Rx14
Change Component Designator: Old Designator=Rx? New Designator=Rx15
Change Component Designator: Old Designator=Rx? New Designator=Rx16
Change Component Designator: Old Designator=Rx? New Designator=Rx17
Change Component Designator: Old Designator=Rx? New Designator=Rx18
Change Component Designator: Old Designator=Rx? New Designator=Rx19
Change Component Designator: Old Designator=Rx? New Designator=Rx20
Change Component Designator: Old Designator=Rx? New Designator=Rx21
Change Component Designator: Old Designator=Rx? New Designator=Rx22
Change Component Designator: Old Designator=Rx? New Designator=Rx23
Change Component Designator: Old Designator=Rx? New Designator=Rx24
Change Component Designator: Old Designator=Rx? New Designator=Rx25
Change Component Designator: Old Designator=Rx? New Designator=Rx26
Change Component Designator: Old Designator=Rx? New Designator=Rx27
Change Component Designator: Old Designator=T? New Designator=T2
Change Component Designator: Old Designator=T? New Designator=T3
